app/build/intermediates/manifest_merge_blame_file/debug/manifest-merger-blame-debug-report.txt
1<?xml version="1.0" encoding="utf-8"?>
2<manifest xmlns:android="http://schemas.android.com/apk/res/android"
3    package="mx.com.pruebajobrappi"
4    android:versionCode="1"
5    android:versionName="1.0" >
6
7    <uses-sdk
8        android:minSdkVersion="23"
8-->src/main/AndroidManifest.xml
9        android:targetSdkVersion="30" />
9-->src/main/AndroidManifest.xml
10
11    <uses-permission android:name="android.permission.ACCESS_NETWORK_STATE" />
11-->src/main/AndroidManifest.xml:5:5-79
11-->src/main/AndroidManifest.xml:5:22-76
12    <uses-permission android:name="android.permission.INTERNET" />
12-->src/main/AndroidManifest.xml:6:5-67
12-->src/main/AndroidManifest.xml:6:22-64
13
14    <application
14-->src/main/AndroidManifest.xml:8:5-31:19
15        android:name="mx.com.pruebajobrappi.base.MoviesApplication"
15-->src/main/AndroidManifest.xml:9:9-47
16        android:allowBackup="true"
16-->src/main/AndroidManifest.xml:10:9-35
17        android:appComponentFactory="androidx.core.app.CoreComponentFactory"
17-->[androidx.core:core:1.5.0] AndroidManifest.xml:24:18-86
18        android:debuggable="true"
19        android:extractNativeLibs="false"
20        android:icon="@mipmap/ic_launcher"
20-->src/main/AndroidManifest.xml:11:9-43
21        android:label="@string/app_name"
21-->src/main/AndroidManifest.xml:12:9-41
22        android:roundIcon="@mipmap/ic_launcher_round"
22-->src/main/AndroidManifest.xml:13:9-54
23        android:supportsRtl="true"
23-->src/main/AndroidManifest.xml:14:9-35
24        android:testOnly="true"
25        android:theme="@style/Theme.PruebaJobRappi" >
25-->src/main/AndroidManifest.xml:15:9-52
26        <activity
26-->src/main/AndroidManifest.xml:16:9-18:40
27            android:name="mx.com.pruebajobrappi.ui.detail.DetailMovieActivity"
27-->src/main/AndroidManifest.xml:17:13-58
28            android:exported="false" />
28-->src/main/AndroidManifest.xml:18:13-37
29        <activity
29-->src/main/AndroidManifest.xml:19:9-27:20
30            android:name="mx.com.pruebajobrappi.ui.splash.SplashActivity"
30-->src/main/AndroidManifest.xml:20:13-53
31            android:exported="true" >
31-->src/main/AndroidManifest.xml:21:13-36
32            <intent-filter>
32-->src/main/AndroidManifest.xml:22:13-26:29
33                <action android:name="android.intent.action.MAIN" />
33-->src/main/AndroidManifest.xml:23:17-69
33-->src/main/AndroidManifest.xml:23:25-66
34
35                <category android:name="android.intent.category.LAUNCHER" />
35-->src/main/AndroidManifest.xml:25:17-77
35-->src/main/AndroidManifest.xml:25:27-74
36            </intent-filter>
37        </activity>
38        <activity
38-->src/main/AndroidManifest.xml:28:9-30:40
39            android:name="mx.com.pruebajobrappi.MainActivity"
39-->src/main/AndroidManifest.xml:29:13-41
40            android:exported="false" />
40-->src/main/AndroidManifest.xml:30:13-37
41
42        <service
42-->[androidx.room:room-runtime:2.2.6] AndroidManifest.xml:25:9-28:40
43            android:name="androidx.room.MultiInstanceInvalidationService"
43-->[androidx.room:room-runtime:2.2.6] AndroidManifest.xml:26:13-74
44            android:directBootAware="true"
44-->[androidx.room:room-runtime:2.2.6] AndroidManifest.xml:27:13-43
45            android:exported="false" />
45-->[androidx.room:room-runtime:2.2.6] AndroidManifest.xml:28:13-37
46
47        <provider
47-->[androidx.lifecycle:lifecycle-process:2.0.0] AndroidManifest.xml:23:9-27:43
48            android:name="androidx.lifecycle.ProcessLifecycleOwnerInitializer"
48-->[androidx.lifecycle:lifecycle-process:2.0.0] AndroidManifest.xml:24:13-79
49            android:authorities="mx.com.pruebajobrappi.lifecycle-process"
49-->[androidx.lifecycle:lifecycle-process:2.0.0] AndroidManifest.xml:25:13-69
50            android:exported="false"
50-->[androidx.lifecycle:lifecycle-process:2.0.0] AndroidManifest.xml:26:13-37
51            android:multiprocess="true" />
51-->[androidx.lifecycle:lifecycle-process:2.0.0] AndroidManifest.xml:27:13-40
52    </application>
53
54</manifest>